This is pdfTeX, Version 3.141592653-2.6-1.40.24 (MiKTeX 22.3) (preloaded format=pdflatex 2022.6.6)  21 DEC 2022 14:31
entering extended mode
 restricted \write18 enabled.
 %&-line parsing enabled.
**./Table_1.tex
(Table_1.tex
LaTeX2e <2021-11-15> patch level 1
L3 programming layer <2022-05-04>
(C:\Users\xslad\AppData\Local\Programs\MiKTeX\tex/latex/base\article.cls
Document Class: article 2021/10/04 v1.4n Standard LaTeX document class
(C:\Users\xslad\AppData\Local\Programs\MiKTeX\tex/latex/base\size10.clo
File: size10.clo 2021/10/04 v1.4n Standard LaTeX file (size option)
)
\c@part=\count185
\c@section=\count186
\c@subsection=\count187
\c@subsubsection=\count188
\c@paragraph=\count189
\c@subparagraph=\count190
\c@figure=\count191
\c@table=\count192
\abovecaptionskip=\skip47
\belowcaptionskip=\skip48
\bibindent=\dimen138
)
(C:\Users\xslad\AppData\Local\Programs\MiKTeX\tex/latex/l3backend\l3backend-pdf
tex.def
File: l3backend-pdftex.def 2022-04-20 L3 backend support: PDF output (pdfTeX)
\l__color_backend_stack_int=\count193
\l__pdf_internal_box=\box50
)

LaTeX Warning: Unused global option(s):
    [8pt].

(Table_1.aux)
\openout1 = `Table_1.aux'.

LaTeX Font Info:    Checking defaults for OML/cmm/m/it on input line 3.
LaTeX Font Info:    ... okay on input line 3.
LaTeX Font Info:    Checking defaults for OMS/cmsy/m/n on input line 3.
LaTeX Font Info:    ... okay on input line 3.
LaTeX Font Info:    Checking defaults for OT1/cmr/m/n on input line 3.
LaTeX Font Info:    ... okay on input line 3.
LaTeX Font Info:    Checking defaults for T1/cmr/m/n on input line 3.
LaTeX Font Info:    ... okay on input line 3.
LaTeX Font Info:    Checking defaults for TS1/cmr/m/n on input line 3.
LaTeX Font Info:    ... okay on input line 3.
LaTeX Font Info:    Checking defaults for OMX/cmex/m/n on input line 3.
LaTeX Font Info:    ... okay on input line 3.
LaTeX Font Info:    Checking defaults for U/cmr/m/n on input line 3.
LaTeX Font Info:    ... okay on input line 3.
LaTeX Font Info:    External font `cmex10' loaded for size
(Font)              <5> on input line 10.
 [1{C:/Users/xslad/AppData/Local/MiKTeX/fonts/map/pdftex/pdftex.map}] (Table_1.
aux) ) 
Here is how much of TeX's memory you used:
 429 strings out of 478614
 8324 string characters out of 2843123
 305085 words of memory out of 3000000
 18665 multiletter control sequences out of 15000+600000
 469568 words of font info for 29 fonts, out of 8000000 for 9000
 1141 hyphenation exceptions out of 8191
 34i,9n,38p,252b,320s stack positions out of 10000i,1000n,20000p,200000b,80000s
<C:/Users/xslad/AppData/Local/Programs/MiKTeX/fonts/type1/public/amsfonts
/cm/cmbx5.pfb><C:/Users/xslad/AppData/Local/Programs/MiKTeX/fonts/type1/public/
amsfonts/cm/cmmi5.pfb><C:/Users/xslad/AppData/Local/Programs/MiKTeX/fonts/type1
/public/amsfonts/cm/cmr10.pfb><C:/Users/xslad/AppData/Local/Programs/MiKTeX/fon
ts/type1/public/amsfonts/cm/cmr5.pfb>
Output written on Table_1.pdf (1 page, 56405 bytes).
PDF statistics:
 26 PDF objects out of 1000 (max. 8388607)
 0 named destinations out of 1000 (max. 500000)
 1 words of extra memory for PDF output out of 10000 (max. 10000000)

